#
# There is insufficient memory for the Java Runtime Environment to continue.
# Native memory allocation (mmap) failed to map 135266304 bytes for G1 virtual space
# Possible reasons:
#   The system is out of physical RAM or swap space
#   The process is running with CompressedOops enabled, and the Java Heap may be blocking the growth of the native heap
# Possible solutions:
#   Reduce memory load on the system
#   Increase physical memory or swap space
#   Check if swap backing store is full
#   Decrease Java heap size (-Xmx/-Xms)
#   Decrease number of Java threads
#   Decrease Java thread stack sizes (-Xss)
#   Set larger code cache with -XX:ReservedCodeCacheSize=
#   JVM is running with Unscaled Compressed Oops mode in which the Java heap is
#     placed in the first 4GB address space. The Java Heap base address is the
#     maximum limit for the native heap growth. Please use -XX:HeapBaseMinAddress
#     to set the Java Heap base and to place the Java Heap above 4GB virtual address.
# This output file may be truncated or incomplete.
#
#  Out of Memory Error (os_windows.cpp:3469), pid=15868, tid=6660
#
# JRE version: Java(TM) SE Runtime Environment (17.0.1+12) (build 17.0.1+12-LTS-39)
# Java VM: Java HotSpot(TM) 64-Bit Server VM (17.0.1+12-LTS-39, mixed mode, sharing, tiered, compressed oops, compressed class ptrs, g1 gc, windows-amd64)
# No core dump will be written. Minidumps are not enabled by default on client versions of Windows
#

---------------  S U M M A R Y ------------

Command Line: -javaagent:C:\Program Files\JetBrains\IntelliJ IDEA Community Edition 2023.1\lib\idea_rt.jar=51093:C:\Program Files\JetBrains\IntelliJ IDEA Community Edition 2023.1\bin -Dfile.encoding=UTF-8 minhkhanh.DemoBookStore.DemoBookStoreApplication

Host: 11th Gen Intel(R) Core(TM) i5-1135G7 @ 2.40GHz, 8 cores, 7G,  Windows 10 , 64 bit Build 22621 (10.0.22621.1635)
Time: Wed May 31 01:27:57 2023 SE Asia Standard Time elapsed time: 1.541680 seconds (0d 0h 0m 1s)

---------------  T H R E A D  ---------------

Current thread (0x000002304ca6d100):  VMThread "VM Thread" [stack: 0x00000043af300000,0x00000043af400000] [id=6660]

Stack: [0x00000043af300000,0x00000043af400000]
Native frames: (J=compiled Java code, j=interpreted, Vv=VM code, C=native code)
V  [jvm.dll+0x66fa1a]
V  [jvm.dll+0x7ce5a4]
V  [jvm.dll+0x7cfd4e]
V  [jvm.dll+0x7d03b3]
V  [jvm.dll+0x242b05]
V  [jvm.dll+0x66ca39]
V  [jvm.dll+0x661502]
V  [jvm.dll+0x30081b]
V  [jvm.dll+0x307da6]
V  [jvm.dll+0x357a1e]
V  [jvm.dll+0x357c4f]
V  [jvm.dll+0x2d7ad8]
V  [jvm.dll+0x2d5da4]
V  [jvm.dll+0x2d53ac]
V  [jvm.dll+0x3287cc]
V  [jvm.dll+0x7d484b]
V  [jvm.dll+0x7d5584]
V  [jvm.dll+0x7d5a9c]
V  [jvm.dll+0x7d5e74]
V  [jvm.dll+0x7d5f40]
V  [jvm.dll+0x77e91a]
V  [jvm.dll+0x66e845]
C  [ucrtbase.dll+0x29363]
C  [KERNEL32.DLL+0x126ad]
C  [ntdll.dll+0x5a9f8]

VM_Operation (0x00000043afbfea10): CollectForMetadataAllocation, mode: safepoint, requested by thread 0x000002304ca935b0


---------------  P R O C E S S  ---------------

Threads class SMR info:
_java_thread_list=0x000002304e4853f0, length=17, elements={
0x000002302cc98c40, 0x000002304ca72ba0, 0x000002304ca75560, 0x000002304ca8b130,
0x000002304ca8bae0, 0x000002304ca8c490, 0x000002304ca8ce40, 0x000002304ca8dbd0,
0x000002304ca935b0, 0x000002304ca9ded0, 0x000002304d4c5a90, 0x000002304d620570,
0x000002304d791c70, 0x000002304d871830, 0x000002304dedea60, 0x000002304dd5db40,
0x000002304e991360
}

Java Threads: ( => current thread )
  0x000002302cc98c40 JavaThread "main" [_thread_blocked, id=1536, stack(0x00000043aed00000,0x00000043aee00000)]
  0x000002304ca72ba0 JavaThread "Reference Handler" daemon [_thread_blocked, id=11660, stack(0x00000043af400000,0x00000043af500000)]
  0x000002304ca75560 JavaThread "Finalizer" daemon [_thread_blocked, id=6528, stack(0x00000043af500000,0x00000043af600000)]
  0x000002304ca8b130 JavaThread "Signal Dispatcher" daemon [_thread_blocked, id=6196, stack(0x00000043af600000,0x00000043af700000)]
  0x000002304ca8bae0 JavaThread "Attach Listener" daemon [_thread_blocked, id=7788, stack(0x00000043af700000,0x00000043af800000)]
  0x000002304ca8c490 JavaThread "Service Thread" daemon [_thread_blocked, id=13388, stack(0x00000043af800000,0x00000043af900000)]
  0x000002304ca8ce40 JavaThread "Monitor Deflation Thread" daemon [_thread_blocked, id=10460, stack(0x00000043af900000,0x00000043afa00000)]
  0x000002304ca8dbd0 JavaThread "C2 CompilerThread0" daemon [_thread_blocked, id=14092, stack(0x00000043afa00000,0x00000043afb00000)]
  0x000002304ca935b0 JavaThread "C1 CompilerThread0" daemon [_thread_blocked, id=14088, stack(0x00000043afb00000,0x00000043afc00000)]
  0x000002304ca9ded0 JavaThread "Sweeper thread" daemon [_thread_blocked, id=13692, stack(0x00000043afc00000,0x00000043afd00000)]
  0x000002304d4c5a90 JavaThread "Common-Cleaner" daemon [_thread_blocked, id=6296, stack(0x00000043afd00000,0x00000043afe00000)]
  0x000002304d620570 JavaThread "C2 CompilerThread1" daemon [_thread_blocked, id=3824, stack(0x00000043afe00000,0x00000043aff00000)]
  0x000002304d791c70 JavaThread "Monitor Ctrl-Break" daemon [_thread_in_native, id=12404, stack(0x00000043aff00000,0x00000043b0000000)]
  0x000002304d871830 JavaThread "Notification Thread" daemon [_thread_blocked, id=3112, stack(0x00000043b0000000,0x00000043b0100000)]
  0x000002304dedea60 JavaThread "Thread-0" [_thread_blocked, id=8292, stack(0x00000043b0600000,0x00000043b0700000)]
  0x000002304dd5db40 JavaThread "restartedMain" [_thread_blocked, id=12800, stack(0x00000043b0700000,0x00000043b0800000)]
  0x000002304e991360 JavaThread "C2 CompilerThread2" daemon [_thread_in_native, id=8820, stack(0x00000043b0900000,0x00000043b0a00000)]

Other Threads:
=>0x000002304ca6d100 VMThread "VM Thread" [stack: 0x00000043af300000,0x00000043af400000] [id=6660]
  0x000002304d7125c0 WatcherThread [stack: 0x00000043b0100000,0x00000043b0200000] [id=13088]
  0x000002302ccd7030 GCTaskThread "GC Thread#0" [stack: 0x00000043aee00000,0x00000043aef00000] [id=6300]
  0x000002304dc0b3e0 GCTaskThread "GC Thread#1" [stack: 0x00000043b0200000,0x00000043b0300000] [id=16148]
  0x000002304df9d7c0 GCTaskThread "GC Thread#2" [stack: 0x00000043b0300000,0x00000043b0400000] [id=7536]
  0x000002304dd697a0 GCTaskThread "GC Thread#3" [stack: 0x00000043b0400000,0x00000043b0500000] [id=9196]
  0x000002304dd230a0 GCTaskThread "GC Thread#4" [stack: 0x00000043b0500000,0x00000043b0600000] [id=15176]
  0x000002304f11a780 GCTaskThread "GC Thread#5" [stack: 0x00000043b0b00000,0x00000043b0c00000] [id=1348]
  0x000002304e8ef150 GCTaskThread "GC Thread#6" [stack: 0x00000043b0c00000,0x00000043b0d00000] [id=16556]
  0x000002304e48d460 GCTaskThread "GC Thread#7" [stack: 0x00000043b0d00000,0x00000043b0e00000] [id=4900]
  0x000002302cd050b0 ConcurrentGCThread "G1 Main Marker" [stack: 0x00000043aef00000,0x00000043af000000] [id=7648]
  0x000002302cd05ac0 ConcurrentGCThread "G1 Conc#0" [stack: 0x00000043af000000,0x00000043af100000] [id=9900]
  0x000002304c919d90 ConcurrentGCThread "G1 Refine#0" [stack: 0x00000043af100000,0x00000043af200000] [id=14360]
  0x000002304c91a5c0 ConcurrentGCThread "G1 Service" [stack: 0x00000043af200000,0x00000043af300000] [id=7272]

Threads with active compile tasks:
C2 CompilerThread0     1550 2726       4       org.springframework.beans.factory.support.DefaultSingletonBeanRegistry::containsSingleton (11 bytes)
C1 CompilerThread0     1550 2728       3       java.lang.reflect.Method::toShortSignature (78 bytes)
C2 CompilerThread1     1550 2725       4       java.lang.StringLatin1::toUpperCase (186 bytes)
C2 CompilerThread2     1550 2677       4       jdk.internal.org.objectweb.asm.SymbolTable::addConstantUtf8Reference (101 bytes)

VM state: at safepoint (normal execution)

VM Mutex/Monitor currently owned by a thread:  ([mutex/lock_event])
[0x000002302cc94050] Threads_lock - owner thread: 0x000002304ca6d100
[0x000002302cc93900] Heap_lock - owner thread: 0x000002304ca935b0
[0x000002302cc94a70] MethodData_lock - owner thread: 0x000002304ca935b0

Heap address: 0x0000000085800000, size: 1960 MB, Compressed Oops mode: 32-bit

CDS archive(s) mapped at: [0x0000000800000000-0x0000000800bc0000-0x0000000800bc0000), size 12320768, SharedBaseAddress: 0x0000000800000000, ArchiveRelocationMode: 0.
Compressed class space mapped at: 0x0000000800c00000-0x0000000840c00000, reserved size: 1073741824
Narrow klass base: 0x0000000800000000, Narrow klass shift: 0, Narrow klass range: 0x100000000

GC Precious Log:
 CPUs: 8 total, 8 available
 Memory: 7834M
 Large Page Support: Disabled
 NUMA Support: Disabled
 Compressed Oops: Enabled (32-bit)
 Heap Region Size: 1M
 Heap Min Capacity: 8M
 Heap Initial Capacity: 124M
 Heap Max Capacity: 1960M
 Pre-touch: Disabled
 Parallel Workers: 8
 Concurrent Workers: 2
 Concurrent Refinement Workers: 8
 Periodic GC: Disabled

Heap:
 garbage-first heap   total 126976K, used 13150K [0x0000000085800000, 0x0000000100000000)
  region size 1024K, 7 young (7168K), 7 survivors (7168K)
 Metaspace       used 21271K, committed 21504K, reserved 1073152K
  class space    used 2708K, committed 2816K, reserved 1048576K

Heap Regions: E=young(eden), S=young(survivor), O=old, HS=humongous(starts), HC=humongous(continues), CS=collection set, F=free, OA=open archive, CA=closed archive, TAMS=top-at-mark-start (previous, next)
|   0|0x0000000085800000, 0x0000000085900000, 0x0000000085900000|100%|HS|  |TAMS 0x0000000085800000, 0x0000000085900000| Complete 
|   1|0x0000000085900000, 0x0000000085a00000, 0x0000000085a00000|100%| O|  |TAMS 0x0000000085900000, 0x0000000085a00000| Untracked 
|   2|0x0000000085a00000, 0x0000000085b00000, 0x0000000085b00000|100%| O|  |TAMS 0x0000000085a00000, 0x0000000085b00000| Untracked 
|   3|0x0000000085b00000, 0x0000000085c00000, 0x0000000085c00000|100%| O|  |TAMS 0x0000000085b00000, 0x0000000085c00000| Untracked 
|   4|0x0000000085c00000, 0x0000000085d00000, 0x0000000085d00000|100%| O|  |TAMS 0x0000000085c00000, 0x0000000085d00000| Untracked 
|   5|0x0000000085d00000, 0x0000000085e00000, 0x0000000085e00000|100%| O|  |TAMS 0x0000000085d00000, 0x0000000085e00000| Untracked 
|   6|0x0000000085e00000, 0x0000000085e66000, 0x0000000085f00000| 39%| O|  |TAMS 0x0000000085e00000, 0x0000000085e66000| Untracked 
|   7|0x0000000085f00000, 0x0000000085f00000, 0x0000000086000000|  0%| F|  |TAMS 0x0000000085f00000, 0x0000000085f00000| Untracked 
|   8|0x0000000086000000, 0x0000000086000000, 0x0000000086100000|  0%| F|  |TAMS 0x0000000086000000, 0x0000000086000000| Untracked 
|   9|0x0000000086100000, 0x0000000086100000, 0x0000000086200000|  0%| F|  |TAMS 0x0000000086100000, 0x0000000086100000| Untracked 
|  10|0x0000000086200000, 0x0000000086200000, 0x0000000086300000|  0%| F|  |TAMS 0x0000000086200000, 0x0000000086200000| Untracked 
|  11|0x0000000086300000, 0x0000000086300000, 0x0000000086400000|  0%| F|  |TAMS 0x0000000086300000, 0x0000000086300000| Untracked 
|  12|0x0000000086400000, 0x0000000086400000, 0x0000000086500000|  0%| F|  |TAMS 0x0000000086400000, 0x0000000086400000| Untracked 
|  13|0x0000000086500000, 0x0000000086500000, 0x0000000086600000|  0%| F|  |TAMS 0x0000000086500000, 0x0000000086500000| Untracked 
|  14|0x0000000086600000, 0x0000000086600000, 0x0000000086700000|  0%| F|  |TAMS 0x0000000086600000, 0x0000000086600000| Untracked 
|  15|0x0000000086700000, 0x0000000086700000, 0x0000000086800000|  0%| F|  |TAMS 0x0000000086700000, 0x0000000086700000| Untracked 
|  16|0x0000000086800000, 0x0000000086800000, 0x0000000086900000|  0%| F|  |TAMS 0x0000000086800000, 0x0000000086800000| Untracked 
|  17|0x0000000086900000, 0x0000000086900000, 0x0000000086a00000|  0%| F|  |TAMS 0x0000000086900000, 0x0000000086900000| Untracked 
|  18|0x0000000086a00000, 0x0000000086a00000, 0x0000000086b00000|  0%| F|  |TAMS 0x0000000086a00000, 0x0000000086a00000| Untracked 
|  19|0x0000000086b00000, 0x0000000086b00000, 0x0000000086c00000|  0%| F|  |TAMS 0x0000000086b00000, 0x0000000086b00000| Untracked 
|  20|0x0000000086c00000, 0x0000000086c00000, 0x0000000086d00000|  0%| F|  |TAMS 0x0000000086c00000, 0x0000000086c00000| Untracked 
|  21|0x0000000086d00000, 0x0000000086d00000, 0x0000000086e00000|  0%| F|  |TAMS 0x0000000086d00000, 0x0000000086d00000| Untracked 
|  22|0x0000000086e00000, 0x0000000086e00000, 0x0000000086f00000|  0%| F|  |TAMS 0x0000000086e00000, 0x0000000086e00000| Untracked 
|  23|0x0000000086f00000, 0x0000000086f00000, 0x0000000087000000|  0%| F|  |TAMS 0x0000000086f00000, 0x0000000086f00000| Untracked 
|  24|0x0000000087000000, 0x0000000087000000, 0x0000000087100000|  0%| F|  |TAMS 0x0000000087000000, 0x0000000087000000| Untracked 
|  25|0x0000000087100000, 0x0000000087100000, 0x0000000087200000|  0%| F|  |TAMS 0x0000000087100000, 0x0000000087100000| Untracked 
|  26|0x0000000087200000, 0x0000000087200000, 0x0000000087300000|  0%| F|  |TAMS 0x0000000087200000, 0x0000000087200000| Untracked 
|  27|0x0000000087300000, 0x0000000087300000, 0x0000000087400000|  0%| F|  |TAMS 0x0000000087300000, 0x0000000087300000| Untracked 
|  28|0x0000000087400000, 0x0000000087400000, 0x0000000087500000|  0%| F|  |TAMS 0x0000000087400000, 0x0000000087400000| Untracked 
|  29|0x0000000087500000, 0x0000000087500000, 0x0000000087600000|  0%| F|  |TAMS 0x0000000087500000, 0x0000000087500000| Untracked 
|  30|0x0000000087600000, 0x0000000087600000, 0x0000000087700000|  0%| F|  |TAMS 0x0000000087600000, 0x0000000087600000| Untracked 
|  31|0x0000000087700000, 0x0000000087700000, 0x0000000087800000|  0%| F|  |TAMS 0x0000000087700000, 0x0000000087700000| Untracked 
|  32|0x0000000087800000, 0x0000000087800000, 0x0000000087900000|  0%| F|  |TAMS 0x0000000087800000, 0x0000000087800000| Untracked 
|  33|0x0000000087900000, 0x0000000087900000, 0x0000000087a00000|  0%| F|  |TAMS 0x0000000087900000, 0x0000000087900000| Untracked 
|  34|0x0000000087a00000, 0x0000000087a00000, 0x0000000087b00000|  0%| F|  |TAMS 0x0000000087a00000, 0x0000000087a00000| Untracked 
|  35|0x0000000087b00000, 0x0000000087b00000, 0x0000000087c00000|  0%| F|  |TAMS 0x0000000087b00000, 0x0000000087b00000| Untracked 
|  36|0x0000000087c00000, 0x0000000087c00000, 0x0000000087d00000|  0%| F|  |TAMS 0x0000000087c00000, 0x0000000087c00000| Untracked 
|  37|0x0000000087d00000, 0x0000000087d00000, 0x0000000087e00000|  0%| F|  |TAMS 0x0000000087d00000, 0x0000000087d00000| Untracked 
|  38|0x0000000087e00000, 0x0000000087e00000, 0x0000000087f00000|  0%| F|  |TAMS 0x0000000087e00000, 0x0000000087e00000| Untracked 
|  39|0x0000000087f00000, 0x0000000087f00000, 0x0000000088000000|  0%| F|  |TAMS 0x0000000087f00000, 0x0000000087f00000| Untracked 
|  40|0x0000000088000000, 0x0000000088000000, 0x0000000088100000|  0%| F|  |TAMS 0x0000000088000000, 0x0000000088000000| Untracked 
|  41|0x0000000088100000, 0x0000000088100000, 0x0000000088200000|  0%| F|  |TAMS 0x0000000088100000, 0x0000000088100000| Untracked 
|  42|0x0000000088200000, 0x0000000088200000, 0x0000000088300000|  0%| F|  |TAMS 0x0000000088200000, 0x0000000088200000| Untracked 
|  43|0x0000000088300000, 0x0000000088300000, 0x0000000088400000|  0%| F|  |TAMS 0x0000000088300000, 0x0000000088300000| Untracked 
|  44|0x0000000088400000, 0x0000000088400000, 0x0000000088500000|  0%| F|  |TAMS 0x0000000088400000, 0x0000000088400000| Untracked 
|  45|0x0000000088500000, 0x0000000088500000, 0x0000000088600000|  0%| F|  |TAMS 0x0000000088500000, 0x0000000088500000| Untracked 
|  46|0x0000000088600000, 0x0000000088600000, 0x0000000088700000|  0%| F|  |TAMS 0x0000000088600000, 0x0000000088600000| Untracked 
|  47|0x0000000088700000, 0x0000000088700000, 0x0000000088800000|  0%| F|  |TAMS 0x0000000088700000, 0x0000000088700000| Untracked 
|  48|0x0000000088800000, 0x0000000088800000, 0x0000000088900000|  0%| F|  |TAMS 0x0000000088800000, 0x0000000088800000| Untracked 
|  49|0x0000000088900000, 0x0000000088900000, 0x0000000088a00000|  0%| F|  |TAMS 0x0000000088900000, 0x0000000088900000| Untracked 
|  50|0x0000000088a00000, 0x0000000088a00000, 0x0000000088b00000|  0%| F|  |TAMS 0x0000000088a00000, 0x0000000088a00000| Untracked 
|  51|0x0000000088b00000, 0x0000000088b00000, 0x0000000088c00000|  0%| F|  |TAMS 0x0000000088b00000, 0x0000000088b00000| Untracked 
|  52|0x0000000088c00000, 0x0000000088c00000, 0x0000000088d00000|  0%| F|  |TAMS 0x0000000088c00000, 0x0000000088c00000| Untracked 
|  53|0x0000000088d00000, 0x0000000088d00000, 0x0000000088e00000|  0%| F|  |TAMS 0x0000000088d00000, 0x0000000088d00000| Untracked 
|  54|0x0000000088e00000, 0x0000000088e00000, 0x0000000088f00000|  0%| F|  |TAMS 0x0000000088e00000, 0x0000000088e00000| Untracked 
|  55|0x0000000088f00000, 0x0000000088f00000, 0x0000000089000000|  0%| F|  |TAMS 0x0000000088f00000, 0x0000000088f00000| Untracked 
|  56|0x0000000089000000, 0x0000000089000000, 0x0000000089100000|  0%| F|  |TAMS 0x0000000089000000, 0x0000000089000000| Untracked 
|  57|0x0000000089100000, 0x0000000089100000, 0x0000000089200000|  0%| F|  |TAMS 0x0000000089100000, 0x0000000089100000| Untracked 
|  58|0x0000000089200000, 0x0000000089200000, 0x0000000089300000|  0%| F|  |TAMS 0x0000000089200000, 0x0000000089200000| Untracked 
|  59|0x0000000089300000, 0x0000000089300000, 0x0000000089400000|  0%| F|  |TAMS 0x0000000089300000, 0x0000000089300000| Untracked 
|  60|0x0000000089400000, 0x0000000089400000, 0x0000000089500000|  0%| F|  |TAMS 0x0000000089400000, 0x0000000089400000| Untracked 
|  61|0x0000000089500000, 0x0000000089500000, 0x0000000089600000|  0%| F|  |TAMS 0x0000000089500000, 0x0000000089500000| Untracked 
|  62|0x0000000089600000, 0x0000000089600000, 0x0000000089700000|  0%| F|  |TAMS 0x0000000089600000, 0x0000000089600000| Untracked 
|  63|0x0000000089700000, 0x0000000089700000, 0x0000000089800000|  0%| F|  |TAMS 0x0000000089700000, 0x0000000089700000| Untracked 
|  64|0x0000000089800000, 0x0000000089800000, 0x0000000089900000|  0%| F|  |TAMS 0x0000000089800000, 0x0000000089800000| Untracked 
|  65|0x0000000089900000, 0x0000000089900000, 0x0000000089a00000|  0%| F|  |TAMS 0x0000000089900000, 0x0000000089900000| Untracked 
|  66|0x0000000089a00000, 0x0000000089a00000, 0x0000000089b00000|  0%| F|  |TAMS 0x0000000089a00000, 0x0000000089a00000| Untracked 
|  67|0x0000000089b00000, 0x0000000089b00000, 0x0000000089c00000|  0%| F|  |TAMS 0x0000000089b00000, 0x0000000089b00000| Untracked 
|  68|0x0000000089c00000, 0x0000000089c00000, 0x0000000089d00000|  0%| F|  |TAMS 0x0000000089c00000, 0x0000000089c00000| Untracked 
|  69|0x0000000089d00000, 0x0000000089d00000, 0x0000000089e00000|  0%| F|  |TAMS 0x0000000089d00000, 0x0000000089d00000| Untracked 
|  70|0x0000000089e00000, 0x0000000089e00000, 0x0000000089f00000|  0%| F|  |TAMS 0x0000000089e00000, 0x0000000089e00000| Untracked 
|  71|0x0000000089f00000, 0x0000000089f00000, 0x000000008a000000|  0%| F|  |TAMS 0x0000000089f00000, 0x0000000089f00000| Untracked 
|  72|0x000000008a000000, 0x000000008a000000, 0x000000008a100000|  0%| F|  |TAMS 0x000000008a000000, 0x000000008a000000| Untracked 
|  73|0x000000008a100000, 0x000000008a171820, 0x000000008a200000| 44%| S|CS|TAMS 0x000000008a100000, 0x000000008a100000| Complete 
|  74|0x000000008a200000, 0x000000008a300000, 0x000000008a300000|100%| S|CS|TAMS 0x000000008a200000, 0x000000008a200000| Complete 
|  75|0x000000008a300000, 0x000000008a400000, 0x000000008a400000|100%| S|CS|TAMS 0x000000008a300000, 0x000000008a300000| Complete 
|  76|0x000000008a400000, 0x000000008a500000, 0x000000008a500000|100%| S|CS|TAMS 0x000000008a400000, 0x000000008a400000| Complete 
|  77|0x000000008a500000, 0x000000008a600000, 0x000000008a600000|100%| S|CS|TAMS 0x000000008a500000, 0x000000008a500000| Complete 
|  78|0x000000008a600000, 0x000000008a700000, 0x000000008a700000|100%| S|CS|TAMS 0x000000008a600000, 0x000000008a600000| Complete 
|  79|0x000000008a700000, 0x000000008a800000, 0x000000008a800000|100%| S|CS|TAMS 0x000000008a700000, 0x000000008a700000| Complete 
|  80|0x000000008a800000, 0x000000008a800000, 0x000000008a900000|  0%| F|  |TAMS 0x000000008a800000, 0x000000008a800000| Untracked 
|  81|0x000000008a900000, 0x000000008a900000, 0x000000008aa00000|  0%| F|  |TAMS 0x000000008a900000, 0x000000008a900000| Untracked 
|  82|0x000000008aa00000, 0x000000008aa00000, 0x000000008ab00000|  0%| F|  |TAMS 0x000000008aa00000, 0x000000008aa00000| Untracked 
|  83|0x000000008ab00000, 0x000000008ab00000, 0x000000008ac00000|  0%| F|  |TAMS 0x000000008ab00000, 0x000000008ab00000| Untracked 
|  84|0x000000008ac00000, 0x000000008ac00000, 0x000000008ad00000|  0%| F|  |TAMS 0x000000008ac00000, 0x000000008ac00000| Untracked 
|  85|0x000000008ad00000, 0x000000008ad00000, 0x000000008ae00000|  0%| F|  |TAMS 0x000000008ad00000, 0x000000008ad00000| Untracked 
|  86|0x000000008ae00000, 0x000000008ae00000, 0x000000008af00000|  0%| F|  |TAMS 0x000000008ae00000, 0x000000008ae00000| Untracked 
|  87|0x000000008af00000, 0x000000008af00000, 0x000000008b000000|  0%| F|  |TAMS 0x000000008af00000, 0x000000008af00000| Untracked 
|  88|0x000000008b000000, 0x000000008b000000, 0x000000008b100000|  0%| F|  |TAMS 0x000000008b000000, 0x000000008b000000| Untracked 
|  89|0x000000008b100000, 0x000000008b100000, 0x000000008b200000|  0%| F|  |TAMS 0x000000008b100000, 0x000000008b100000| Untracked 
|  90|0x000000008b200000, 0x000000008b200000, 0x000000008b300000|  0%| F|  |TAMS 0x000000008b200000, 0x000000008b200000| Untracked 
|  91|0x000000008b300000, 0x000000008b300000, 0x000000008b400000|  0%| F|  |TAMS 0x000000008b300000, 0x000000008b300000| Untracked 
|  92|0x000000008b400000, 0x000000008b400000, 0x000000008b500000|  0%| F|  |TAMS 0x000000008b400000, 0x000000008b400000| Untracked 
|  93|0x000000008b500000, 0x000000008b500000, 0x000000008b600000|  0%| F|  |TAMS 0x000000008b500000, 0x000000008b500000| Untracked 
|  94|0x000000008b600000, 0x000000008b600000, 0x000000008b700000|  0%| F|  |TAMS 0x000000008b600000, 0x000000008b600000| Untracked 
|  95|0x000000008b700000, 0x000000008b700000, 0x000000008b800000|  0%| F|  |TAMS 0x000000008b700000, 0x000000008b700000| Untracked 
|  96|0x000000008b800000, 0x000000008b800000, 0x000000008b900000|  0%| F|  |TAMS 0x000000008b800000, 0x000000008b800000| Untracked 
|  97|0x000000008b900000, 0x000000008b900000, 0x000000008ba00000|  0%| F|  |TAMS 0x000000008b900000, 0x000000008b900000| Untracked 
|  98|0x000000008ba00000, 0x000000008ba00000, 0x000000008bb00000|  0%| F|  |TAMS 0x000000008ba00000, 0x000000008ba00000| Untracked 
|  99|0x000000008bb00000, 0x000000008bb00000, 0x000000008bc00000|  0%| F|  |TAMS 0x000000008bb00000, 0x000000008bb00000| Untracked 
| 100|0x000000008bc00000, 0x000000008bc00000, 0x000000008bd00000|  0%| F|  |TAMS 0x000000008bc00000, 0x000000008bc00000| Untracked 
| 101|0x000000008bd00000, 0x000000008bd00000, 0x000000008be00000|  0%| F|  |TAMS 0x000000008bd00000, 0x000000008bd00000| Untracked 
| 102|0x000000008be00000, 0x000000008be00000, 0x000000008bf00000|  0%| F|  |TAMS 0x000000008be00000, 0x000000008be00000| Untracked 
| 103|0x000000008bf00000, 0x000000008bf00000, 0x000000008c000000|  0%| F|  |TAMS 0x000000008bf00000, 0x000000008bf00000| Untracked 
| 104|0x000000008c000000, 0x000000008c000000, 0x000000008c100000|  0%| F|  |TAMS 0x000000008c000000, 0x000000008c000000| Untracked 
| 105|0x000000008c100000, 0x000000008c100000, 0x000000008c200000|  0%| F|  |TAMS 0x000000008c100000, 0x000000008c100000| Untracked 
| 106|0x000000008c200000, 0x000000008c200000, 0x000000008c300000|  0%| F|  |TAMS 0x000000008c200000, 0x000000008c200000| Untracked 
| 107|0x000000008c300000, 0x000000008c300000, 0x000000008c400000|  0%| F|  |TAMS 0x000000008c300000, 0x000000008c300000| Untracked 
| 108|0x000000008c400000, 0x000000008c400000, 0x000000008c500000|  0%| F|  |TAMS 0x000000008c400000, 0x000000008c400000| Untracked 
| 109|0x000000008c500000, 0x000000008c500000, 0x000000008c600000|  0%| F|  |TAMS 0x000000008c500000, 0x000000008c500000| Untracked 
| 110|0x000000008c600000, 0x000000008c600000, 0x000000008c700000|  0%| F|  |TAMS 0x000000008c600000, 0x000000008c600000| Untracked 
| 111|0x000000008c700000, 0x000000008c700000, 0x000000008c800000|  0%| F|  |TAMS 0x000000008c700000, 0x000000008c700000| Untracked 
| 112|0x000000008c800000, 0x000000008c800000, 0x000000008c900000|  0%| F|  |TAMS 0x000000008c800000, 0x000000008c800000| Untracked 
| 113|0x000000008c900000, 0x000000008c900000, 0x000000008ca00000|  0%| F|  |TAMS 0x000000008c900000, 0x000000008c900000| Untracked 
| 114|0x000000008ca00000, 0x000000008ca00000, 0x000000008cb00000|  0%| F|  |TAMS 0x000000008ca00000, 0x000000008ca00000| Untracked 
| 115|0x000000008cb00000, 0x000000008cb00000, 0x000000008cc00000|  0%| F|  |TAMS 0x000000008cb00000, 0x000000008cb00000| Untracked 
| 116|0x000000008cc00000, 0x000000008cc00000, 0x000000008cd00000|  0%| F|  |TAMS 0x000000008cc00000, 0x000000008cc00000| Untracked 
| 117|0x000000008cd00000, 0x000000008cd00000, 0x000000008ce00000|  0%| F|  |TAMS 0x000000008cd00000, 0x000000008cd00000| Untracked 
| 118|0x000000008ce00000, 0x000000008ce00000, 0x000000008cf00000|  0%| F|  |TAMS 0x000000008ce00000, 0x000000008ce00000| Untracked 
| 119|0x000000008cf00000, 0x000000008cf00000, 0x000000008d000000|  0%| F|  |TAMS 0x000000008cf00000, 0x000000008cf00000| Untracked 
| 120|0x000000008d000000, 0x000000008d000000, 0x000000008d100000|  0%| F|  |TAMS 0x000000008d000000, 0x000000008d000000| Untracked 
| 121|0x000000008d100000, 0x000000008d100000, 0x000000008d200000|  0%| F|  |TAMS 0x000000008d100000, 0x000000008d100000| Untracked 
| 122|0x000000008d200000, 0x000000008d200000, 0x000000008d300000|  0%| F|  |TAMS 0x000000008d200000, 0x000000008d200000| Untracked 
| 123|0x000000008d300000, 0x000000008d300000, 0x000000008d400000|  0%| F|  |TAMS 0x000000008d300000, 0x000000008d300000| Untracked 

Card table byte_map: [0x0000023045ad0000,0x0000023045eb0000] _byte_map_base: 0x00000230456a4000

Marking Bits (Prev, Next): (CMBitMap*) 0x000002302ccd7640, (CMBitMap*) 0x000002302ccd7680
 Prev Bits: [0x0000023046290000, 0x0000023048130000)
 Next Bits: [0x0000023048130000, 0x0000023049fd0000)

Polling page: 0x000002302cd60000

Metaspace:

Usage:
  Non-class:     18.13 MB used.
      Class:      2.65 MB used.
       Both:     20.77 MB used.

Virtual space:
  Non-class space:       24.00 MB reserved,      18.25 MB ( 76%) committed,  3 nodes.
      Class space:        1.00 GB reserved,       2.75 MB ( <1%) committed,  1 nodes.
             Both:        1.02 GB reserved,      21.00 MB (  2%) committed. 

Chunk freelists:
   Non-Class:  1.73 MB
       Class:  1.27 MB
        Both:  3.00 MB

MaxMetaspaceSize: unlimited
CompressedClassSpaceSize: 1.00 GB
Initial GC threshold: 21.00 MB
Current GC threshold: 21.00 MB
CDS: on
MetaspaceReclaimPolicy: balanced
 - commit_granule_bytes: 65536.
 - commit_granule_words: 8192.
 - virtual_space_node_default_size: 1048576.
 - enlarge_chunks_in_place: 1.
 - new_chunks_are_fully_committed: 0.
 - uncommit_free_chunks: 1.
 - use_allocation_guard: 0.
 - handle_deallocations: 1.


Internal statistics:

num_allocs_failed_limit: 3.
num_arena_births: 212.
num_arena_deaths: 0.
num_vsnodes_births: 4.
num_vsnodes_deaths: 0.
num_space_committed: 336.
num_space_uncommitted: 0.
num_chunks_returned_to_freelist: 3.
num_chunks_taken_from_freelist: 921.
num_chunk_merges: 0.
num_chunk_splits: 651.
num_chunks_enlarged: 523.
num_purges: 0.
num_inconsistent_stats: 0.

CodeHeap 'non-profiled nmethods': size=120000Kb used=1278Kb max_used=1278Kb free=118721Kb
 bounds [0x000002303d730000, 0x000002303d9a0000, 0x0000023044c60000]
CodeHeap 'profiled nmethods': size=120000Kb used=5685Kb max_used=5685Kb free=114314Kb
 bounds [0x0000023036200000, 0x0000023036790000, 0x000002303d730000]
CodeHeap 'non-nmethods': size=5760Kb used=1211Kb max_used=1281Kb free=4548Kb
 bounds [0x0000023035c60000, 0x0000023035ed0000, 0x0000023036200000]
 total_blobs=3217 nmethods=2720 adapters=409
 compilation: enabled
              stopped_count=0, restarted_count=0
 full_count=0

Compilation events (20 events):
Event: 1.522 Thread 0x000002304ca935b0 nmethod 2717 0x0000023036786190 code [0x0000023036786320, 0x0000023036786418]
Event: 1.522 Thread 0x000002304ca935b0 2718       3       org.springframework.util.Assert::notNull (17 bytes)
Event: 1.522 Thread 0x000002304ca935b0 nmethod 2718 0x0000023036786490 code [0x0000023036786660, 0x0000023036786ad8]
Event: 1.522 Thread 0x000002304ca935b0 2719       3       org.springframework.core.annotation.AnnotationAttributes::getRequiredAttribute (79 bytes)
Event: 1.523 Thread 0x000002304ca935b0 nmethod 2719 0x0000023036786c90 code [0x0000023036786fe0, 0x0000023036788518]
Event: 1.523 Thread 0x000002304ca935b0 2724       3       java.time.Instant::create (49 bytes)
Event: 1.523 Thread 0x000002304ca935b0 nmethod 2724 0x0000023036788c10 code [0x0000023036788de0, 0x00000230367891c8]
Event: 1.523 Thread 0x000002304ca935b0 2720       3       org.springframework.core.annotation.AnnotationAttributes::assertAttributePresence (12 bytes)
Event: 1.524 Thread 0x000002304d620570 nmethod 2687 0x000002303d86d410 code [0x000002303d86d5e0, 0x000002303d86e538]
Event: 1.524 Thread 0x000002304ca935b0 nmethod 2720 0x0000023036789310 code [0x0000023036789540, 0x0000023036789f08]
Event: 1.524 Thread 0x000002304ca935b0 2721       3       org.springframework.core.annotation.AnnotationAttributes$$Lambda$259/0x0000000800dbab78::<init> (15 bytes)
Event: 1.524 Thread 0x000002304d620570 2725       4       java.lang.StringLatin1::toUpperCase (186 bytes)
Event: 1.524 Thread 0x000002304ca935b0 nmethod 2721 0x000002303678a210 code [0x000002303678a3c0, 0x000002303678a5d8]
Event: 1.524 Thread 0x000002304ca935b0 2722       3       org.springframework.core.annotation.AnnotationAttributes::assertNotException (46 bytes)
Event: 1.524 Thread 0x000002304ca935b0 nmethod 2722 0x000002303678a690 code [0x000002303678a920, 0x000002303678b998]
Event: 1.524 Thread 0x000002304ca935b0 2723       3       org.springframework.core.annotation.AnnotationAttributes::assertAttributeType (54 bytes)
Event: 1.525 Thread 0x000002304ca935b0 nmethod 2723 0x000002303678be10 code [0x000002303678c0c0, 0x000002303678d1d8]
Event: 1.526 Thread 0x000002304ca8dbd0 nmethod 2708 0x000002303d86ea10 code [0x000002303d86ebe0, 0x000002303d86f3a8]
Event: 1.526 Thread 0x000002304ca8dbd0 2726       4       org.springframework.beans.factory.support.DefaultSingletonBeanRegistry::containsSingleton (11 bytes)
Event: 1.527 Thread 0x000002304ca935b0 2728       3       java.lang.reflect.Method::toShortSignature (78 bytes)

GC Heap History (11 events):
Event: 0.411 GC heap before
{Heap before GC invocations=0 (full 0):
 garbage-first heap   total 126976K, used 23552K [0x0000000085800000, 0x0000000100000000)
  region size 1024K, 23 young (23552K), 0 survivors (0K)
 Metaspace       used 4551K, committed 4672K, reserved 1056768K
  class space    used 513K, committed 576K, reserved 1048576K
}
Event: 0.415 GC heap after
{Heap after GC invocations=1 (full 0):
 garbage-first heap   total 126976K, used 6600K [0x0000000085800000, 0x0000000100000000)
  region size 1024K, 3 young (3072K), 3 survivors (3072K)
 Metaspace       used 4551K, committed 4672K, reserved 1056768K
  class space    used 513K, committed 576K, reserved 1048576K
}
Event: 0.422 GC heap before
{Heap before GC invocations=1 (full 0):
 garbage-first heap   total 126976K, used 35272K [0x0000000085800000, 0x0000000100000000)
  region size 1024K, 32 young (32768K), 3 survivors (3072K)
 Metaspace       used 4551K, committed 4672K, reserved 1056768K
  class space    used 513K, committed 576K, reserved 1048576K
}
Event: 0.424 GC heap after
{Heap after GC invocations=2 (full 0):
 garbage-first heap   total 126976K, used 6618K [0x0000000085800000, 0x0000000100000000)
  region size 1024K, 1 young (1024K), 1 survivors (1024K)
 Metaspace       used 4551K, committed 4672K, reserved 1056768K
  class space    used 513K, committed 576K, reserved 1048576K
}
Event: 0.463 GC heap before
{Heap before GC invocations=2 (full 0):
 garbage-first heap   total 126976K, used 80346K [0x0000000085800000, 0x0000000100000000)
  region size 1024K, 74 young (75776K), 1 survivors (1024K)
 Metaspace       used 4573K, committed 4736K, reserved 1056768K
  class space    used 513K, committed 576K, reserved 1048576K
}
Event: 0.463 GC heap after
{Heap after GC invocations=3 (full 0):
 garbage-first heap   total 126976K, used 6760K [0x0000000085800000, 0x0000000100000000)
  region size 1024K, 1 young (1024K), 1 survivors (1024K)
 Metaspace       used 4573K, committed 4736K, reserved 1056768K
  class space    used 513K, committed 576K, reserved 1048576K
}
Event: 1.102 GC heap before
{Heap before GC invocations=3 (full 0):
 garbage-first heap   total 126976K, used 80488K [0x0000000085800000, 0x0000000100000000)
  region size 1024K, 74 young (75776K), 1 survivors (1024K)
 Metaspace       used 16682K, committed 16960K, reserved 1064960K
  class space    used 2115K, committed 2240K, reserved 1048576K
}
Event: 1.106 GC heap after
{Heap after GC invocations=4 (full 0):
 garbage-first heap   total 126976K, used 11076K [0x0000000085800000, 0x0000000100000000)
  region size 1024K, 5 young (5120K), 5 survivors (5120K)
 Metaspace       used 16682K, committed 16960K, reserved 1064960K
  class space    used 2115K, committed 2240K, reserved 1048576K
}
Event: 1.112 GC heap before
{Heap before GC invocations=4 (full 0):
 garbage-first heap   total 126976K, used 80708K [0x0000000085800000, 0x0000000100000000)
  region size 1024K, 74 young (75776K), 5 survivors (5120K)
 Metaspace       used 16734K, committed 16960K, reserved 1064960K
  class space    used 2120K, committed 2240K, reserved 1048576K
}
Event: 1.115 GC heap after
{Heap after GC invocations=5 (full 0):
 garbage-first heap   total 126976K, used 11332K [0x0000000085800000, 0x0000000100000000)
  region size 1024K, 5 young (5120K), 5 survivors (5120K)
 Metaspace       used 16734K, committed 16960K, reserved 1064960K
  class space    used 2120K, committed 2240K, reserved 1048576K
}
Event: 1.527 GC heap before
{Heap before GC invocations=5 (full 0):
 garbage-first heap   total 126976K, used 54340K [0x0000000085800000, 0x0000000100000000)
  region size 1024K, 49 young (50176K), 5 survivors (5120K)
 Metaspace       used 21271K, committed 21504K, reserved 1073152K
  class space    used 2708K, committed 2816K, reserved 1048576K
}

Deoptimization events (20 events):
Event: 1.384 Thread 0x000002304dd5db40 Uncommon trap: trap_request=0xffffff45 fr.pc=0x000002303d83acfc relative=0x00000000000016fc
Event: 1.384 Thread 0x000002304dd5db40 Uncommon trap: reason=unstable_if action=reinterpret pc=0x000002303d83acfc method=jdk.internal.jimage.ImageStringsReader.stringFromByteBufferMatches(Ljava/nio/ByteBuffer;ILjava/lang/String;I)I @ 48 c2
Event: 1.384 Thread 0x000002304dd5db40 DEOPT PACKING pc=0x000002303d83acfc sp=0x00000043b07fd350
Event: 1.384 Thread 0x000002304dd5db40 DEOPT UNPACKING pc=0x0000023035cb5c23 sp=0x00000043b07fced8 mode 2
Event: 1.417 Thread 0x000002304dd5db40 Uncommon trap: trap_request=0xffffffde fr.pc=0x000002303d73bca4 relative=0x00000000000001a4
Event: 1.417 Thread 0x000002304dd5db40 Uncommon trap: reason=class_check action=maybe_recompile pc=0x000002303d73bca4 method=java.lang.String.equals(Ljava/lang/Object;)Z @ 8 c2
Event: 1.417 Thread 0x000002304dd5db40 DEOPT PACKING pc=0x000002303d73bca4 sp=0x00000043b07fde60
Event: 1.417 Thread 0x000002304dd5db40 DEOPT UNPACKING pc=0x0000023035cb5c23 sp=0x00000043b07fddf8 mode 2
Event: 1.417 Thread 0x000002304dd5db40 Uncommon trap: trap_request=0xffffffde fr.pc=0x000002303d73bca4 relative=0x00000000000001a4
Event: 1.417 Thread 0x000002304dd5db40 Uncommon trap: reason=class_check action=maybe_recompile pc=0x000002303d73bca4 method=java.lang.String.equals(Ljava/lang/Object;)Z @ 8 c2
Event: 1.417 Thread 0x000002304dd5db40 DEOPT PACKING pc=0x000002303d73bca4 sp=0x00000043b07fde60
Event: 1.417 Thread 0x000002304dd5db40 DEOPT UNPACKING pc=0x0000023035cb5c23 sp=0x00000043b07fddf8 mode 2
Event: 1.417 Thread 0x000002304dd5db40 Uncommon trap: trap_request=0xffffffde fr.pc=0x000002303d73bca4 relative=0x00000000000001a4
Event: 1.417 Thread 0x000002304dd5db40 Uncommon trap: reason=class_check action=maybe_recompile pc=0x000002303d73bca4 method=java.lang.String.equals(Ljava/lang/Object;)Z @ 8 c2
Event: 1.417 Thread 0x000002304dd5db40 DEOPT PACKING pc=0x000002303d73bca4 sp=0x00000043b07fde60
Event: 1.417 Thread 0x000002304dd5db40 DEOPT UNPACKING pc=0x0000023035cb5c23 sp=0x00000043b07fddf8 mode 2
Event: 1.418 Thread 0x000002304dd5db40 Uncommon trap: trap_request=0xffffffde fr.pc=0x000002303d73bca4 relative=0x00000000000001a4
Event: 1.418 Thread 0x000002304dd5db40 Uncommon trap: reason=class_check action=maybe_recompile pc=0x000002303d73bca4 method=java.lang.String.equals(Ljava/lang/Object;)Z @ 8 c2
Event: 1.418 Thread 0x000002304dd5db40 DEOPT PACKING pc=0x000002303d73bca4 sp=0x00000043b07fdb40
Event: 1.418 Thread 0x000002304dd5db40 DEOPT UNPACKING pc=0x0000023035cb5c23 sp=0x00000043b07fdad8 mode 2

Classes unloaded (0 events):
No events

Classes redefined (0 events):
No events

Internal exceptions (20 events):
Event: 0.711 Thread 0x000002304dd5db40 Exception <a 'java/lang/NoSuchMethodError'{0x000000008c7fbaf8}: 'void java.lang.invoke.DirectMethodHandle$Holder.invokeInterface(java.lang.Object, java.lang.Object, java.lang.Object)'> (0x000000008c7fbaf8) 
thrown [t:\workspace\open\src\hotspot\share\interpreter\linkResolver.cpp, line 766]
Event: 0.727 Thread 0x000002304dd5db40 Exception <a 'java/lang/NoSuchMethodError'{0x000000008c690a40}: 'void java.lang.invoke.DirectMethodHandle$Holder.invokeStaticInit(java.lang.Object, java.lang.Object)'> (0x000000008c690a40) 
thrown [t:\workspace\open\src\hotspot\share\interpreter\linkResolver.cpp, line 766]
Event: 0.728 Thread 0x000002304dd5db40 Exception <a 'java/lang/NoSuchMethodError'{0x000000008c69dde8}: 'void java.lang.invoke.DirectMethodHandle$Holder.invokeStaticInit(java.lang.Object, java.lang.Object, java.lang.Object)'> (0x000000008c69dde8) 
thrown [t:\workspace\open\src\hotspot\share\interpreter\linkResolver.cpp, line 766]
Event: 0.731 Thread 0x000002304dd5db40 Exception <a 'java/lang/NoSuchMethodError'{0x000000008c6dac20}: 'java.lang.Object java.lang.invoke.DirectMethodHandle$Holder.invokeStatic(java.lang.Object, java.lang.Object, long, java.lang.Object)'> (0x000000008c6dac20) 
thrown [t:\workspace\open\src\hotspot\share\interpreter\linkResolver.cpp, line 766]
Event: 0.731 Thread 0x000002304dd5db40 Exception <a 'java/lang/NoSuchMethodError'{0x000000008c6de6b8}: 'java.lang.Object java.lang.invoke.DirectMethodHandle$Holder.invokeStaticInit(java.lang.Object, java.lang.Object, long, java.lang.Object)'> (0x000000008c6de6b8) 
thrown [t:\workspace\open\src\hotspot\share\interpreter\linkResolver.cpp, line 766]
Event: 0.732 Thread 0x000002304dd5db40 Exception <a 'java/lang/NoSuchMethodError'{0x000000008c6e4dc0}: 'java.lang.Object java.lang.invoke.DirectMethodHandle$Holder.newInvokeSpecial(java.lang.Object, java.lang.Object, long)'> (0x000000008c6e4dc0) 
thrown [t:\workspace\open\src\hotspot\share\interpreter\linkResolver.cpp, line 766]
Event: 0.732 Thread 0x000002304dd5db40 Exception <a 'java/lang/NoSuchMethodError'{0x000000008c6e8930}: 'java.lang.Object java.lang.invoke.Invokers$Holder.linkToTargetMethod(java.lang.Object, long, java.lang.Object)'> (0x000000008c6e8930) 
thrown [t:\workspace\open\src\hotspot\share\interpreter\linkResolver.cpp, line 766]
Event: 0.739 Thread 0x000002304dd5db40 Exception <a 'java/lang/NoSuchMethodError'{0x000000008c533620}: 'void java.lang.invoke.DirectMethodHandle$Holder.invokeVirtual(java.lang.Object, java.lang.Object, java.lang.Object, java.lang.Object)'> (0x000000008c533620) 
thrown [t:\workspace\open\src\hotspot\share\interpreter\linkResolver.cpp, line 766]
Event: 0.762 Thread 0x000002304dd5db40 Exception <a 'java/lang/NoSuchMethodError'{0x000000008c48d7b8}: 'void java.lang.invoke.DirectMethodHandle$Holder.invokeSpecial(java.lang.Object, java.lang.Object, java.lang.Object)'> (0x000000008c48d7b8) 
thrown [t:\workspace\open\src\hotspot\share\interpreter\linkResolver.cpp, line 766]
Event: 0.763 Thread 0x000002304dd5db40 Exception <a 'java/lang/NoSuchMethodError'{0x000000008c493d90}: 'void java.lang.invoke.DirectMethodHandle$Holder.invokeSpecial(java.lang.Object, java.lang.Object, java.lang.Object, java.lang.Object, java.lang.Object)'> (0x000000008c493d90) 
thrown [t:\workspace\open\src\hotspot\share\interpreter\linkResolver.cpp, line 766]
Event: 0.768 Thread 0x000002304dd5db40 Exception <a 'java/lang/IncompatibleClassChangeError'{0x000000008c4c4518}: Found class java.lang.Object, but interface was expected> (0x000000008c4c4518) 
thrown [t:\workspace\open\src\hotspot\share\interpreter\linkResolver.cpp, line 833]
Event: 0.969 Thread 0x000002304dd5db40 Exception <a 'java/lang/NoSuchMethodError'{0x000000008afc0880}: 'int java.lang.invoke.DirectMethodHandle$Holder.invokeSpecial(java.lang.Object, java.lang.Object, java.lang.Object, java.lang.Object, java.lang.Object)'> (0x000000008afc0880) 
thrown [t:\workspace\open\src\hotspot\share\interpreter\linkResolver.cpp, line 766]
Event: 0.971 Thread 0x000002304dd5db40 Exception <a 'java/lang/NoSuchMethodError'{0x000000008afc98a8}: 'void java.lang.invoke.DirectMethodHandle$Holder.invokeVirtual(java.lang.Object, java.lang.Object)'> (0x000000008afc98a8) 
thrown [t:\workspace\open\src\hotspot\share\interpreter\linkResolver.cpp, line 766]
Event: 1.162 Thread 0x000002304dd5db40 Exception <a 'java/lang/IncompatibleClassChangeError'{0x000000008c2ff5f0}: Found class java.lang.Object, but interface was expected> (0x000000008c2ff5f0) 
thrown [t:\workspace\open\src\hotspot\share\interpreter\linkResolver.cpp, line 833]
Event: 1.199 Thread 0x000002304e29b1b0 Exception <a 'java/lang/NoSuchMethodError'{0x000000008bd4f6c0}: 'long java.lang.invoke.DirectMethodHandle$Holder.invokeSpecial(java.lang.Object, java.lang.Object)'> (0x000000008bd4f6c0) 
thrown [t:\workspace\open\src\hotspot\share\interpreter\linkResolver.cpp, line 766]
Event: 1.201 Thread 0x000002304e29b1b0 Exception <a 'java/lang/NoSuchMethodError'{0x000000008bd5a8e8}: 'long java.lang.invoke.DirectMethodHandle$Holder.invokeStatic(java.lang.Object, java.lang.Object)'> (0x000000008bd5a8e8) 
thrown [t:\workspace\open\src\hotspot\share\interpreter\linkResolver.cpp, line 766]
Event: 1.201 Thread 0x000002304e29b1b0 Exception <a 'java/lang/NoSuchMethodError'{0x000000008bd5dee8}: 'long java.lang.invoke.DirectMethodHandle$Holder.invokeStaticInit(java.lang.Object, java.lang.Object)'> (0x000000008bd5dee8) 
thrown [t:\workspace\open\src\hotspot\share\interpreter\linkResolver.cpp, line 766]
Event: 1.203 Thread 0x000002304e29b1b0 Exception <a 'java/lang/NoSuchMethodError'{0x000000008bd6ba90}: 'long java.lang.invoke.DirectMethodHandle$Holder.invokeInterface(java.lang.Object, java.lang.Object)'> (0x000000008bd6ba90) 
thrown [t:\workspace\open\src\hotspot\share\interpreter\linkResolver.cpp, line 766]
Event: 1.203 Thread 0x000002304e29b1b0 Exception <a 'java/lang/IncompatibleClassChangeError'{0x000000008bd6f020}: Found class java.lang.Object, but interface was expected> (0x000000008bd6f020) 
thrown [t:\workspace\open\src\hotspot\share\interpreter\linkResolver.cpp, line 833]
Event: 1.210 Thread 0x000002304e29b1b0 Exception <a 'java/lang/NoSuchMethodError'{0x000000008bc4a8b0}: 'java.lang.Object java.lang.invoke.DirectMethodHandle$Holder.invokeVirtual(java.lang.Object, java.lang.Object, java.lang.Object, java.lang.Object)'> (0x000000008bc4a8b0) 
thrown [t:\workspace\open\src\hotspot\share\interpreter\linkResolver.cpp, line 766]

VM Operations (20 events):
Event: 0.760 Executing VM operation: HandshakeAllThreads done
Event: 0.761 Executing VM operation: HandshakeAllThreads
Event: 0.761 Executing VM operation: HandshakeAllThreads done
Event: 0.829 Executing VM operation: HandshakeAllThreads
Event: 0.829 Executing VM operation: HandshakeAllThreads done
Event: 0.915 Executing VM operation: HandshakeAllThreads
Event: 0.915 Executing VM operation: HandshakeAllThreads done
Event: 0.957 Executing VM operation: HandshakeAllThreads
Event: 0.957 Executing VM operation: HandshakeAllThreads done
Event: 1.049 Executing VM operation: HandshakeAllThreads
Event: 1.049 Executing VM operation: HandshakeAllThreads done
Event: 1.073 Executing VM operation: HandshakeAllThreads
Event: 1.073 Executing VM operation: HandshakeAllThreads done
Event: 1.102 Executing VM operation: G1CollectForAllocation
Event: 1.106 Executing VM operation: G1CollectForAllocation done
Event: 1.112 Executing VM operation: G1CollectForAllocation
Event: 1.115 Executing VM operation: G1CollectForAllocation done
Event: 1.376 Executing VM operation: ICBufferFull
Event: 1.376 Executing VM operation: ICBufferFull done
Event: 1.527 Executing VM operation: CollectForMetadataAllocation

Events (20 events):
Event: 1.059 loading class sun/util/resources/TimeZoneNames done
Event: 1.059 loading class sun/util/resources/TimeZoneNames_en
Event: 1.059 loading class sun/util/resources/TimeZoneNames_en done
Event: 1.070 loading class sun/text/resources/cldr/FormatData_en
Event: 1.070 loading class sun/text/resources/cldr/FormatData_en done
Event: 1.070 loading class sun/text/resources/cldr/FormatData_en_US
Event: 1.070 loading class sun/text/resources/cldr/FormatData_en_US done
Event: 1.077 Thread 0x000002304eb20670 Thread added: 0x000002304eb20670
Event: 1.085 loading class java/io/CharArrayReader
Event: 1.085 loading class java/io/CharArrayReader done
Event: 1.121 loading class javax/naming/ldap/LdapContext
Event: 1.121 loading class javax/naming/directory/DirContext
Event: 1.121 loading class javax/naming/directory/DirContext done
Event: 1.121 loading class javax/naming/ldap/LdapContext done
Event: 1.153 Thread 0x000002304eb20670 Thread exited: 0x000002304eb20670
Event: 1.191 loading class java/util/regex/Pattern$Pos
Event: 1.191 loading class java/util/regex/Pattern$Pos done
Event: 1.212 Thread 0x000002304e29b1b0 Thread exited: 0x000002304e29b1b0
Event: 1.310 loading class java/beans/PropertyVetoException
Event: 1.310 loading class java/beans/PropertyVetoException done


Dynamic libraries:
0x00007ff6dd710000 - 0x00007ff6dd720000 	C:\Program Files\Java\jdk-17.0.1\bin\java.exe
0x00007ff9db1d0000 - 0x00007ff9db3e4000 	C:\Windows\SYSTEM32\ntdll.dll
0x00007ff9d9be0000 - 0x00007ff9d9ca2000 	C:\Windows\System32\KERNEL32.DLL
0x00007ff9d8920000 - 0x00007ff9d8cc3000 	C:\Windows\System32\KERNELBASE.dll
0x00007ff9d8eb0000 - 0x00007ff9d8fc1000 	C:\Windows\System32\ucrtbase.dll
0x00007ff9bcf60000 - 0x00007ff9bcf78000 	C:\Program Files\Java\jdk-17.0.1\bin\jli.dll
0x00007ff9b90b0000 - 0x00007ff9b90ca000 	C:\Program Files\Java\jdk-17.0.1\bin\VCRUNTIME140.dll
0x00007ff9d9e90000 - 0x00007ff9d9f3e000 	C:\Windows\System32\ADVAPI32.dll
0x00007ff9da120000 - 0x00007ff9da1c7000 	C:\Windows\System32\msvcrt.dll
0x00007ff9da060000 - 0x00007ff9da104000 	C:\Windows\System32\sechost.dll
0x00007ff9d9f40000 - 0x00007ff9da057000 	C:\Windows\System32\RPCRT4.dll
0x00007ff9dafd0000 - 0x00007ff9db17b000 	C:\Windows\System32\USER32.dll
0x00007ff9d8850000 - 0x00007ff9d8876000 	C:\Windows\System32\win32u.dll
0x00007ff9d90c0000 - 0x00007ff9d90e9000 	C:\Windows\System32\GDI32.dll
0x00007ff9b3f70000 - 0x00007ff9b41fe000 	C:\Windows\WinSxS\amd64_microsoft.windows.common-controls_6595b64144ccf1df_6.0.22621.1635_none_270f70857386168e\COMCTL32.dll
0x00007ff9d8cd0000 - 0x00007ff9d8de8000 	C:\Windows\System32\gdi32full.dll
0x00007ff9d8880000 - 0x00007ff9d891a000 	C:\Windows\System32\msvcp_win.dll
0x00007ff9cd6f0000 - 0x00007ff9cd6fa000 	C:\Windows\SYSTEM32\VERSION.dll
0x00007ff9d9860000 - 0x00007ff9d9891000 	C:\Windows\System32\IMM32.DLL
0x00007ff9bdda0000 - 0x00007ff9bddac000 	C:\Program Files\Java\jdk-17.0.1\bin\vcruntime140_1.dll
0x00007ff99e1f0000 - 0x00007ff99e27d000 	C:\Program Files\Java\jdk-17.0.1\bin\msvcp140.dll
0x00007ff97c7f0000 - 0x00007ff97d3ae000 	C:\Program Files\Java\jdk-17.0.1\bin\server\jvm.dll
0x00007ff9d9750000 - 0x00007ff9d9758000 	C:\Windows\System32\PSAPI.DLL
0x00007ff9d03c0000 - 0x00007ff9d03f4000 	C:\Windows\SYSTEM32\WINMM.dll
0x00007ff9b9140000 - 0x00007ff9b9149000 	C:\Windows\SYSTEM32\WSOCK32.dll
0x00007ff9da1d0000 - 0x00007ff9da241000 	C:\Windows\System32\WS2_32.dll
0x00007ff9d7600000 - 0x00007ff9d7618000 	C:\Windows\SYSTEM32\kernel.appcore.dll
0x00007ff9bdb30000 - 0x00007ff9bdb3a000 	C:\Program Files\Java\jdk-17.0.1\bin\jimage.dll
0x00007ff9d5eb0000 - 0x00007ff9d60de000 	C:\Windows\SYSTEM32\DBGHELP.DLL
0x00007ff9d91d0000 - 0x00007ff9d9559000 	C:\Windows\System32\combase.dll
0x00007ff9daef0000 - 0x00007ff9dafc7000 	C:\Windows\System32\OLEAUT32.dll
0x00007ff9b0040000 - 0x00007ff9b0072000 	C:\Windows\SYSTEM32\dbgcore.DLL
0x00007ff9d85f0000 - 0x00007ff9d866b000 	C:\Windows\System32\bcryptPrimitives.dll
0x00007ff9d3740000 - 0x00007ff9d374e000 	C:\Program Files\Java\jdk-17.0.1\bin\instrument.dll
0x00007ff9b3700000 - 0x00007ff9b3725000 	C:\Program Files\Java\jdk-17.0.1\bin\java.dll
0x00007ff98e4e0000 - 0x00007ff98e5b6000 	C:\Program Files\Java\jdk-17.0.1\bin\svml.dll
0x00007ff9da250000 - 0x00007ff9daa4a000 	C:\Windows\System32\SHELL32.dll
0x00007ff9d65a0000 - 0x00007ff9d6e6e000 	C:\Windows\SYSTEM32\windows.storage.dll
0x00007ff9d6460000 - 0x00007ff9d659e000 	C:\Windows\SYSTEM32\wintypes.dll
0x00007ff9d9cb0000 - 0x00007ff9d9da1000 	C:\Windows\System32\SHCORE.dll
0x00007ff9d8fd0000 - 0x00007ff9d902e000 	C:\Windows\System32\shlwapi.dll
0x00007ff9d8520000 - 0x00007ff9d8541000 	C:\Windows\SYSTEM32\profapi.dll
0x00007ff9b1dd0000 - 0x00007ff9b1de8000 	C:\Program Files\Java\jdk-17.0.1\bin\zip.dll
0x00007ff9b2c20000 - 0x00007ff9b2c39000 	C:\Program Files\Java\jdk-17.0.1\bin\net.dll
0x00007ff9d2ef0000 - 0x00007ff9d3027000 	C:\Windows\SYSTEM32\WINHTTP.dll
0x00007ff9d7a60000 - 0x00007ff9d7ac9000 	C:\Windows\system32\mswsock.dll
0x00007ff9b1e00000 - 0x00007ff9b1e15000 	C:\Program Files\Java\jdk-17.0.1\bin\nio.dll
0x00007ff9d0720000 - 0x00007ff9d073a000 	C:\Program Files\JetBrains\IntelliJ IDEA Community Edition 2023.1\bin\breakgen64.dll
0x00007ff9d0710000 - 0x00007ff9d0719000 	C:\Program Files\Java\jdk-17.0.1\bin\management.dll
0x00007ff9be320000 - 0x00007ff9be32b000 	C:\Program Files\Java\jdk-17.0.1\bin\management_ext.dll

dbghelp: loaded successfully - version: 4.0.5 - missing functions: none
symbol engine: initialized successfully - sym options: 0x614 - pdb path: .;C:\Program Files\Java\jdk-17.0.1\bin;C:\Windows\SYSTEM32;C:\Windows\WinSxS\amd64_microsoft.windows.common-controls_6595b64144ccf1df_6.0.22621.1635_none_270f70857386168e;C:\Program Files\Java\jdk-17.0.1\bin\server;C:\Program Files\JetBrains\IntelliJ IDEA Community Edition 2023.1\bin

VM Arguments:
jvm_args: -javaagent:C:\Program Files\JetBrains\IntelliJ IDEA Community Edition 2023.1\lib\idea_rt.jar=51093:C:\Program Files\JetBrains\IntelliJ IDEA Community Edition 2023.1\bin -Dfile.encoding=UTF-8 
java_command: minhkhanh.DemoBookStore.DemoBookStoreApplication
java_class_path (initial): C:\Users\KhanhNguyen\Downloads\DemoBookStore\target\classes;C:\Users\KhanhNguyen\.m2\repository\org\springframework\boot\spring-boot-starter-data-jpa\3.1.0\spring-boot-starter-data-jpa-3.1.0.jar;C:\Users\KhanhNguyen\.m2\repository\org\springframework\boot\spring-boot-starter-aop\3.1.0\spring-boot-starter-aop-3.1.0.jar;C:\Users\KhanhNguyen\.m2\repository\org\aspectj\aspectjweaver\1.9.19\aspectjweaver-1.9.19.jar;C:\Users\KhanhNguyen\.m2\repository\org\springframework\boot\spring-boot-starter-jdbc\3.1.0\spring-boot-starter-jdbc-3.1.0.jar;C:\Users\KhanhNguyen\.m2\repository\com\zaxxer\HikariCP\5.0.1\HikariCP-5.0.1.jar;C:\Users\KhanhNguyen\.m2\repository\org\springframework\spring-jdbc\6.0.9\spring-jdbc-6.0.9.jar;C:\Users\KhanhNguyen\.m2\repository\org\hibernate\orm\hibernate-core\6.2.2.Final\hibernate-core-6.2.2.Final.jar;C:\Users\KhanhNguyen\.m2\repository\jakarta\persistence\jakarta.persistence-api\3.1.0\jakarta.persistence-api-3.1.0.jar;C:\Users\KhanhNguyen\.m2\repository\jakarta\transaction\jakarta.transaction-api\2.0.1\jakarta.transaction-api-2.0.1.jar;C:\Users\KhanhNguyen\.m2\repository\org\jboss\logging\jboss-logging\3.5.0.Final\jboss-logging-3.5.0.Final.jar;C:\Users\KhanhNguyen\.m2\repository\org\hibernate\common\hibernate-commons-annotations\6.0.6.Final\hibernate-commons-annotations-6.0.6.Final.jar;C:\Users\KhanhNguyen\.m2\repository\io\smallrye\jandex\3.0.5\jandex-3.0.5.jar;C:\Users\KhanhNguyen\.m2\repository\com\fasterxml\classmate\1.5.1\classmate-1.5.1.jar;C:\Users\KhanhNguyen\.m2\repository\net\bytebuddy\byte-buddy\1.14.4\byte-buddy-1.14.4.jar;C:\Users\KhanhNguyen\.m2\repository\org\glassfish\jaxb\jaxb-runtime\4.0.2\jaxb-runtime-4.0.2.jar;C:\Users\KhanhNguyen\.m2\repository\org\glassfish\jaxb\jaxb-core\4.0.2\jaxb-core-4.0.2.jar;C:\Users\KhanhNguyen\.m2\repository\org\eclipse\angus\angus-activation\2.0.0\angus-activation-2.0.0.jar;C:\Users\KhanhNguyen\.m2\repository\org\glassfish\jaxb\txw2\4.0.2\txw2-4.0.2.jar;C:\Users\KhanhNguye
Launcher Type: SUN_STANDARD

[Global flags]
     intx CICompilerCount                          = 4                                         {product} {ergonomic}
     uint ConcGCThreads                            = 2                                         {product} {ergonomic}
     uint G1ConcRefinementThreads                  = 8                                         {product} {ergonomic}
   size_t G1HeapRegionSize                         = 1048576                                   {product} {ergonomic}
    uintx GCDrainStackTargetSize                   = 64                                        {product} {ergonomic}
   size_t InitialHeapSize                          = 130023424                                 {product} {ergonomic}
   size_t MarkStackSize                            = 4194304                                   {product} {ergonomic}
   size_t MaxHeapSize                              = 2055208960                                {product} {ergonomic}
   size_t MaxNewSize                               = 1233125376                                {product} {ergonomic}
   size_t MinHeapDeltaBytes                        = 1048576                                   {product} {ergonomic}
   size_t MinHeapSize                              = 8388608                                   {product} {ergonomic}
    uintx NonNMethodCodeHeapSize                   = 5839372                                {pd product} {ergonomic}
    uintx NonProfiledCodeHeapSize                  = 122909434                              {pd product} {ergonomic}
    uintx ProfiledCodeHeapSize                     = 122909434                              {pd product} {ergonomic}
    uintx ReservedCodeCacheSize                    = 251658240                              {pd product} {ergonomic}
     bool SegmentedCodeCache                       = true                                      {product} {ergonomic}
   size_t SoftMaxHeapSize                          = 2055208960                             {manageable} {ergonomic}
     bool UseCompressedClassPointers               = true                           {product lp64_product} {ergonomic}
     bool UseCompressedOops                        = true                           {product lp64_product} {ergonomic}
     bool UseG1GC                                  = true                                      {product} {ergonomic}
     bool UseLargePagesIndividualAllocation        = false                                  {pd product} {ergonomic}

Logging:
Log output configuration:
 #0: stdout all=warning uptime,level,tags
 #1: stderr all=off uptime,level,tags

Environment Variables:
PATH=C:\ProgramData\Oracle\Java\javapath;C:\Program Files (x86)\VMware\VMware Workstation\bin\;C:\Program Files\Common Files\Oracle\Java\javapath;C:\Windows\system32;C:\Windows;C:\Windows\System32\Wbem;C:\Windows\System32\WindowsPowerShell\v1.0\;C:\Windows\System32\OpenSSH\;C:\Program Files\Microsoft SQL Server\150\Tools\Binn\;C:\Program Files\Microsoft SQL Server\Client SDK\ODBC\170\Tools\Binn\;C:\Program Files\dotnet\;C:\Program Files\Java\jdk-17.0.1\bin;C:\Program Files\Cloudflare\Cloudflare WARP\;C:\Program Files\Git\cmd;C:\Users\KhanhNguyen\AppData\Local\Microsoft\WindowsApps;;C:\Users\KhanhNguyen\AppData\Local\Programs\Microsoft VS Code\bin;C:\Users\KhanhNguyen\.dotnet\tools
USERNAME=KhanhNguyen
OS=Windows_NT
PROCESSOR_IDENTIFIER=Intel64 Family 6 Model 140 Stepping 1, GenuineIntel



---------------  S Y S T E M  ---------------

OS:
 Windows 10 , 64 bit Build 22621 (10.0.22621.1635)
OS uptime: 1 days 3:29 hours
Hyper-V role detected

CPU: total 8 (initial active 8) (4 cores per cpu, 2 threads per core) family 6 model 140 stepping 1 microcode 0x9a, cx8, cmov, fxsr, ht, mmx, 3dnowpref, sse, sse2, sse3, ssse3, sse4.1, sse4.2, popcnt, lzcnt, tsc, tscinvbit, avx, avx2, aes, erms, clmul, bmi1, bmi2, adx, avx512f, avx512dq, avx512cd, avx512bw, avx512vl, sha, fma, vzeroupper, avx512_vpopcntdq, avx512_vpclmulqdq, avx512_vaes, avx512_vnni, clflush, clflushopt, clwb, avx512_vbmi2, avx512_vbmi, hv

Memory: 4k page, system-wide physical 7834M (1432M free)
TotalPageFile size 12834M (AvailPageFile size 64M)
current process WorkingSet (physical memory assigned to process): 187M, peak: 188M
current process commit charge ("private bytes"): 270M, peak: 397M

vm_info: Java HotSpot(TM) 64-Bit Server VM (17.0.1+12-LTS-39) for windows-amd64 JRE (17.0.1+12-LTS-39), built on Sep 27 2021 18:41:35 by "mach5one" with MS VC++ 16.8 (VS2019)

END.
